@(#)$CDS: ihdl version 6.1.8-64b 06/22/2022 16:16 (sjfhw316) $  Wed Nov 29 21:37:34 2023

INFO (VERILOGIN-589): Using xmvlog binary for compilation.
INFO (VERILOGIN-126): Unable to find the Verilog definition for module pad_corner. Therefore using library
PADS_LIB, cell pad_corner, and view symbol as the symbol.
INFO (VERILOGIN-126): Unable to find the Verilog definition for module pad_vdd. Therefore using library
PADS_LIB, cell pad_vdd, and view symbol as the symbol.
INFO (VERILOGIN-126): Unable to find the Verilog definition for module pad_gnd. Therefore using library
PADS_LIB, cell pad_gnd, and view symbol as the symbol.
INFO (VERILOGIN-126): Unable to find the Verilog definition for module pad_in. Therefore using library
PADS_LIB, cell pad_in, and view symbol as the symbol.
INFO (VERILOGIN-126): Unable to find the Verilog definition for module pad_out. Therefore using library
PADS_LIB, cell pad_out, and view symbol as the symbol.
INFO (VERILOGIN-126): Unable to find the Verilog definition for module INVX2. Therefore using library
SC_LIB, cell INVX2, and view symbol as the symbol.
INFO (VERILOGIN-126): Unable to find the Verilog definition for module DFFQX1. Therefore using library
SC_LIB, cell DFFQX1, and view symbol as the symbol.
INFO (VERILOGIN-126): Unable to find the Verilog definition for module NAND3X1. Therefore using library
SC_LIB, cell NAND3X1, and view symbol as the symbol.
INFO (VERILOGIN-126): Unable to find the Verilog definition for module NOR2X1. Therefore using library
SC_LIB, cell NOR2X1, and view symbol as the symbol.
INFO (VERILOGIN-126): Unable to find the Verilog definition for module OR2X1. Therefore using library
SC_LIB, cell OR2X1, and view symbol as the symbol.
INFO (VERILOGIN-126): Unable to find the Verilog definition for module AND2X1. Therefore using library
SC_LIB, cell AND2X1, and view symbol as the symbol.
INFO (VERILOGIN-126): Unable to find the Verilog definition for module NAND2X1. Therefore using library
SC_LIB, cell NAND2X1, and view symbol as the symbol.
INFO (VERILOGIN-126): Unable to find the Verilog definition for module DFFQSRX1. Therefore using library
SC_LIB, cell DFFQSRX1, and view symbol as the symbol.
INFO (VERILOGIN-126): Unable to find the Verilog definition for module XOR2X1. Therefore using library
SC_LIB, cell XOR2X1, and view symbol as the symbol.
INFO (VERILOGIN-126): Unable to find the Verilog definition for module MUX2X1. Therefore using library
SC_LIB, cell MUX2X1, and view symbol as the symbol.
INFO (VERILOGIN-126): Unable to find the Verilog definition for module INVX1. Therefore using library
SC_LIB, cell INVX1, and view symbol as the symbol.
INFO (VERILOGIN-357): Checked in symbol soc_top.
Warning: Terminal "VDD!" signal type mismatch: "power" in view "schematic", "signal" in view "symbol".
INFO (VERILOGIN-412): Checked-in connect by name schematic soc_top.
INFO (VERILOGIN-206): End of Logfile.
