============================================================
  Generated by:           Genus(TM) Synthesis Solution 21.15-s080_1
  Generated on:           Nov 28 2023  05:45:50 pm
  Module:                 soc_top
  Operating conditions:   PVT_1P8V_25C 
  Interconnect mode:      global
  Area mode:              timing library
============================================================

Timing
--------

Clock  Period 
--------------
clk   20000.0 


  Cost    Critical         Violating 
 Group   Path Slack  TNS     Paths   
-------------------------------------
C2C         16037.7   0.0          0 
C2O        No paths   0.0            
clk        No paths   0.0            
default    No paths   0.0            
I2C        No paths   0.0            
I2O        No paths   0.0            
-------------------------------------
Total                 0.0          0 

Instance Count
--------------
Leaf Instance Count             473 
Physical Instance count           0 
Sequential Instance Count        72 
Combinational Instance Count    401 
Hierarchical Instance Count       0 

Area
----
Cell Area                          678010.429
Physical Cell Area                 0.000
Total Cell Area (Cell+Physical)    678010.429
Net Area                           3484.246
Total Area (Cell+Physical+Net)     681494.675

Runtime                            0.0 seconds
Elapsed Runtime                    17 seconds
Genus peak memory usage            1405.20 
Innovus peak memory usage          no_value 
Hostname                           lab1-34.eng.utah.edu
