============================================================
  Generated by:           Genus(TM) Synthesis Solution 21.15-s080_1
  Generated on:           Nov 28 2023  05:45:52 pm
  Module:                 soc_top
  Operating conditions:   PVT_1P8V_25C 
  Interconnect mode:      global
  Area mode:              timing library
============================================================


Path 1: MET (16031 ps) Setup Check with Pin chip_cd_clk_seconds_reg/CLK->D
          Group: C2C
     Startpoint: (R) chip_cd_count_reg[2]/CLK
          Clock: (R) clk
       Endpoint: (F) chip_cd_clk_seconds_reg/D
          Clock: (R) clk

                     Capture       Launch     
        Clock Edge:+   20000            0     
       Src Latency:+       0            0     
       Net Latency:+       0 (I)        0 (I) 
           Arrival:=   20000            0     
                                              
             Setup:-     212                  
     Required Time:=   19788                  
      Launch Clock:-       0                  
         Data Path:-    3757                  
             Slack:=   16031                  

#---------------------------------------------------------------------------------------------------
#       Timing Point        Flags    Arc   Edge   Cell     Fanout Load Trans Delay Arrival Instance 
#                                                                 (fF)  (ps)  (ps)   (ps)  Location 
#---------------------------------------------------------------------------------------------------
  chip_cd_count_reg[2]/CLK  -       -      R     (arrival)     68    -     0     0       0    (-,-) 
  chip_cd_count_reg[2]/Q    -       CLK->Q R     DFFQSRX1       4 21.8   333   306     306    (-,-) 
  g4201__5115/Z             -       A->Z   F     NOR2X1         1  7.3   157   145     451    (-,-) 
  g4303/Z                   -       A->Z   R     NAND3X1        1  7.2   192   138     589    (-,-) 
  g4302/Z                   -       A->Z   R     OR2X1          1  7.3   124   165     754    (-,-) 
  g4161__4733/Z             -       B->Z   F     NOR2X1         1  7.3   157    92     846    (-,-) 
  g4152__7098/Z             -       A->Z   R     NAND3X1        1  7.3   194   139     985    (-,-) 
  g4150__5122/Z             -       B->Z   R     OR2X1          1  7.3   125   140    1124    (-,-) 
  g4148__2802/Z             -       B->Z   R     OR2X1          1  7.3   125   132    1256    (-,-) 
  g4146__3680/Z             -       B->Z   R     OR2X1          1  7.3   124   132    1388    (-,-) 
  g4143__8428/Z             -       B->Z   R     OR2X1          1  7.3   124   132    1519    (-,-) 
  g4142__4319/Z             -       B->Z   R     OR2X1          1  7.3   124   132    1650    (-,-) 
  g4139__2398/Z             -       B->Z   R     OR2X1          1  7.3   125   131    1782    (-,-) 
  g4138__5477/Z             -       B->Z   R     OR2X1          1  7.3   125   132    1913    (-,-) 
  g4136__7410/Z             -       B->Z   R     OR2X1          1  7.3   125   132    2045    (-,-) 
  g4134__2346/Z             -       B->Z   R     OR2X1          1  7.3   124   132    2176    (-,-) 
  g4132__9945/Z             -       B->Z   R     OR2X1          1  7.3   125   132    2308    (-,-) 
  g4130__6161/Z             -       B->Z   R     OR2X1          1  7.3   125   132    2439    (-,-) 
  g4128__7482/Z             -       B->Z   R     OR2X1          1  7.3   124   132    2571    (-,-) 
  g4126__1881/Z             -       B->Z   R     OR2X1          1  7.3   124   132    2702    (-,-) 
  g4124__7098/Z             -       B->Z   F     NOR2X1         1  7.3   157    92    2794    (-,-) 
  g4122__5122/Z             -       A->Z   R     NAND3X1        1  7.3   194   139    2933    (-,-) 
  g4121__1705/Z             -       B->Z   R     OR2X1          1  7.3   124   140    3073    (-,-) 
  g4119__1617/Z             -       B->Z   R     OR2X1          7 32.6   490   339    3412    (-,-) 
  drc_bufs4245/Z            -       A->Z   F     INVX2          2 17.5   195   156    3568    (-,-) 
  g4037__6161/Z             -       B->Z   F     XOR2X1         1  6.4    89   189    3757    (-,-) 
  chip_cd_clk_seconds_reg/D -       -      F     DFFQSRX1       1    -     -     0    3757    (-,-) 
#---------------------------------------------------------------------------------------------------

