###############################################################
#  Generated by:      Cadence Innovus 21.15-s110_1
#  OS:                Linux x86_64(Host ID lab1-3.eng.utah.edu)
#  Generated on:      Wed Nov 29 21:25:11 2023
#  Design:            soc_top
#  Command:           summaryReport -noHtml -outfile ./RPT/summary_report.rpt
###############################################################


==============================
General Design Information
==============================
Design Status: Routed  
Design Name: soc_top  
# Instances: 17236  
# Hard Macros: 0  
# Std Cells: 17015  
    ------------------------------
    Standard Cells in Netlist
    ------------------------------
               Cell Type   Instance Count  Area (um^2)  
                  AND2X1               59         777.1008  
                DFFQSRX1               57        5630.6880  
                  DFFQX1               15         724.4160  
                   FILL1              173         379.7696  
                  FILL16              104        3652.8128  
                   FILL2              212         930.7648  
                  FILL32            15418     1083058.9952  
                   FILL4              387        3398.1696  
                   FILL8              349        6128.9984  
                   INVX1                1           6.5856  
                   INVX2               33         217.3248  
                  MUX2X1                2          43.9040  
                 NAND2X1               22         241.4720  
                 NAND3X1               34         522.4576  
                  NOR2X1               67         735.3920  
                   OR2X1               37         487.3344  
                  XOR2X1               45        1086.6240  
# Pads: 221  
    ------------------------------
    IO Cells in Netlist
    ------------------------------
                I/O Name   Instance Count  
              pad_corner                4  
            pad_fill_005               80  
             pad_fill_01               56  
              pad_fill_2               14  
              pad_fill_4               14  
                 pad_gnd                1  
                  pad_in                7  
                 pad_out               44  
                 pad_vdd                1  
# Net: 432  
# Special Net: 2  
# IO Pins: 
    ------------------------------
    Issued IO Information
    ------------------------------
    # Unplaced IO Pin  0  
    # Floating IO  0  
    # IO Connected to Non-IO Inst  0  51  
# Pins: 
    ------------------------------
    Correctness of Pin Connectivity for All Instances
    ------------------------------
    # Floating Terms  0  
    # Output Term Marked Tie Hi/Lo  0  
    # Output Term Shorted to PG Net  0  1334  
# PG Pins: 
    ------------------------------
    Correctness of PG Pin Connectivity for All Instances
    ------------------------------
    # Instances that No Net Defined for Any PG Pin  0  
    # Floating PG Terms  0  
    # PG Pins Connect to Non-PG Net  0  
    # Power Pins Connect Ground Net  0  
    # Ground Pins Connect Power Net  0  1186  
Average Pins Per Net(Signal): 3.088  

==============================
General Library Information
==============================
# Routing Layers: 6  
# Masterslice Layers: 2  
# Pin Layers: 
    General Caution:
        1) Library have METAL1, METAL2, METAL3, METAL4 and METAL6 pins, you should setPlaceMode -prerouteAsObs {1 2 3}                                 to ensure these pins are accessible after placement

    ------------------------------
    Pin Layers
    ------------------------------
    METAL6  
    METAL4  
    METAL3  
    METAL2  
    METAL1  5  
# Layers: 
    ------------------------------
    Layer OVERLAP Information
    ------------------------------
    Type  Overlap  
    ------------------------------
    Layer METAL6 Information
    ------------------------------
    Type  Routing  
    Wire Pitch X  0.900 um  
    Wire Pitch Y  0.900 um  
    Offset X  0.280 um  
    Offset Y  0.280 um  
    Wire Width  0.440 um  
    Spacing  0.460 um  
    ------------------------------
    Layer VIA56 Information
    ------------------------------
    Type  Cut  
    Vias  
        ------------------------------
        Via list in layer VIA56
        ------------------------------
               Vias in VIA56  Default  
                    VIA5WEST      Yes  
                    VIA5EAST      Yes  
                        VIA5      Yes  For complete list click here  
    ------------------------------
    Layer METAL5 Information
    ------------------------------
    Type  Routing  
    Wire Pitch X  0.560 um  
    Wire Pitch Y  0.560 um  
    Offset X  0.280 um  
    Offset Y  0.280 um  
    Wire Width  0.280 um  
    Spacing  0.280 um  
    ------------------------------
    Layer VIA45 Information
    ------------------------------
    Type  Cut  
    Vias  
        ------------------------------
        Via list in layer VIA45
        ------------------------------
               Vias in VIA45  Default  
                   VIA4SOUTH      Yes  
                   VIA4NORTH      Yes  
                        VIA4      Yes  For complete list click here  
    ------------------------------
    Layer METAL4 Information
    ------------------------------
    Type  Routing  
    Wire Pitch X  0.560 um  
    Wire Pitch Y  0.560 um  
    Offset X  0.280 um  
    Offset Y  0.280 um  
    Wire Width  0.280 um  
    Spacing  0.280 um  
    ------------------------------
    Layer VIA34 Information
    ------------------------------
    Type  Cut  
    Vias  
        ------------------------------
        Via list in layer VIA34
        ------------------------------
               Vias in VIA34  Default  
                    VIA3WEST      Yes  
                    VIA3EAST      Yes  
                        VIA3      Yes  For complete list click here  
    ------------------------------
    Layer METAL3 Information
    ------------------------------
    Type  Routing  
    Wire Pitch X  0.560 um  
    Wire Pitch Y  0.560 um  
    Offset X  0.280 um  
    Offset Y  0.280 um  
    Wire Width  0.280 um  
    Spacing  0.280 um  
    ------------------------------
    Layer VIA23 Information
    ------------------------------
    Type  Cut  
    Vias  
        ------------------------------
        Via list in layer VIA23
        ------------------------------
               Vias in VIA23  Default  
                   VIA2SOUTH      Yes  
                   VIA2NORTH      Yes  
                        VIA2      Yes  For complete list click here  
    ------------------------------
    Layer METAL2 Information
    ------------------------------
    Type  Routing  
    Wire Pitch X  0.560 um  
    Wire Pitch Y  0.560 um  
    Offset X  0.280 um  
    Offset Y  0.280 um  
    Wire Width  0.280 um  
    Spacing  0.280 um  
    ------------------------------
    Layer VIA12 Information
    ------------------------------
    Type  Cut  
    Vias  
        ------------------------------
        Via list in layer VIA12
        ------------------------------
               Vias in VIA12  Default  
                    VIA12_VV      Yes  
                    VIA12_HH      Yes  
                    VIA12_VH      Yes  
                    VIA12_HV      Yes  For complete list click here  
    ------------------------------
    Layer METAL1 Information
    ------------------------------
    Type  Routing  
    Wire Pitch X  0.560 um  
    Wire Pitch Y  0.560 um  
    Offset X  0.280 um  
    Offset Y  0.280 um  
    Wire Width  0.230 um  
    Spacing  0.230 um  
    ------------------------------
    Layer CONT Information
    ------------------------------
    Type  Cut  
    Vias  
        ------------------------------
        Via list in layer CONT
        ------------------------------  
    ------------------------------
    Layer POLY2 Information
    ------------------------------
    Type  Masterslice  
    ------------------------------
    Layer POLY1 Information
    ------------------------------
    Type  Masterslice  15  
# Pins without Physical Port: 0  
# Pins in Library without Timing Lib: 0  
# Pins Missing Direction: 0  
Antenna Summary Report: 
    General Caution:
    ------------------------------
    These Layers have antenna info
    ------------------------------
    METAL6  
    VIA56  
    METAL5  
    VIA45  
    METAL4  
    VIA34  
    METAL3  
    VIA23  
    METAL2  
    VIA12  
    METAL1  
    ------------------------------
    These Layers have no antenna info
    ------------------------------
    CONT  
    ------------------------------
    These Pins have antenna info
    ------------------------------
               Cell Name      List of Pin Name  
                  AND2X1                     B  
                  AND2X1                     A  
                  AND2X1                     Z  
                 ANTENNA                     A  
                   BUFX1                     A  
                   BUFX1                     Z  
                 DFFQBX1                     D  
                 DFFQBX1                   CLK  
                 DFFQBX1                    QB  
                DFFQQBX1                     D  
                DFFQQBX1                   CLK  
                DFFQQBX1                    QB  
                DFFQQBX1                     Q  
                DFFQSRX1                  SETB  
                DFFQSRX1                RESETB  
                DFFQSRX1                     D  
                DFFQSRX1                   CLK  
                DFFQSRX1                     Q  
                  DFFQX1                     D  
                  DFFQX1                   CLK  
                  DFFQX1                     Q  
                   INVX1                     A  
                   INVX1                     Z  
                  INVX16                     A  
                  INVX16                     Z  
                   INVX2                     A  
                   INVX2                     Z  
                  INVX32                     A  
                  INVX32                     Z  
                   INVX4                     A  
                   INVX4                     Z  
                   INVX8                     A  
                   INVX8                     Z  
                  MUX2X1                     S  
                  MUX2X1                     B  
                  MUX2X1                     A  
                  MUX2X1                     Z  
                 NAND2X1                     B  
                 NAND2X1                     A  
                 NAND2X1                     Z  
                 NAND3X1                     C  
                 NAND3X1                     B  
                 NAND3X1                     A  
                 NAND3X1                     Z  
                  NOR2X1                     B  
                  NOR2X1                     A  
                  NOR2X1                     Z  
                   OR2X1                     B  
                   OR2X1                     A  
                   OR2X1                     Z  
                    TIE0                     Z  
                    TIE1                     Z  
                  XOR2X1                     B  
                  XOR2X1                     A  
                  XOR2X1                     Z  
               RA1SHD_RD                  D[0]  
               RA1SHD_RD                  D[1]  
               RA1SHD_RD                  D[2]  
               RA1SHD_RD                  D[3]  
               RA1SHD_RD                  D[4]  
               RA1SHD_RD                  D[5]  
               RA1SHD_RD                  D[6]  
               RA1SHD_RD                  D[7]  
               RA1SHD_RD                  D[8]  
               RA1SHD_RD                  D[9]  
               RA1SHD_RD                 D[10]  
               RA1SHD_RD                 D[11]  
               RA1SHD_RD                 D[12]  
               RA1SHD_RD                 D[13]  
               RA1SHD_RD                 D[14]  
               RA1SHD_RD                 D[15]  
               RA1SHD_RD                 D[16]  
               RA1SHD_RD                 D[17]  
               RA1SHD_RD                 D[18]  
               RA1SHD_RD                 D[19]  
               RA1SHD_RD                 D[20]  
               RA1SHD_RD                 D[21]  
               RA1SHD_RD                 D[22]  
               RA1SHD_RD                 D[23]  
               RA1SHD_RD                 D[24]  
               RA1SHD_RD                 D[25]  
               RA1SHD_RD                 D[26]  
               RA1SHD_RD                 D[27]  
               RA1SHD_RD                 D[28]  
               RA1SHD_RD                 D[29]  
               RA1SHD_RD                 D[30]  
               RA1SHD_RD                 D[31]  
               RA1SHD_RD                  A[0]  
               RA1SHD_RD                  A[1]  
               RA1SHD_RD                  A[2]  
               RA1SHD_RD                  A[3]  
               RA1SHD_RD                  A[4]  
               RA1SHD_RD                  A[5]  
               RA1SHD_RD                  A[6]  
               RA1SHD_RD                  A[7]  
               RA1SHD_RD                   WEN  
               RA1SHD_RD                   OEN  
               RA1SHD_RD                   CEN  
               RA1SHD_RD                   CLK  
                   RF2SH                  CLKA  
                   RF2SH                  CLKB  
                   RF2SH                 AA[0]  
                   RF2SH                 AA[1]  
                   RF2SH                 AA[2]  
                   RF2SH                 AA[3]  
                   RF2SH                 AA[4]  
                   RF2SH                  CENA  
                   RF2SH                 DB[0]  
                   RF2SH                 DB[1]  
                   RF2SH                 DB[2]  
                   RF2SH                 DB[3]  
                   RF2SH                 DB[4]  
                   RF2SH                 DB[5]  
                   RF2SH                 DB[6]  
                   RF2SH                 DB[7]  
                   RF2SH                 DB[8]  
                   RF2SH                 DB[9]  
                   RF2SH                DB[10]  
                   RF2SH                DB[11]  
                   RF2SH                DB[12]  
                   RF2SH                DB[13]  
                   RF2SH                DB[14]  
                   RF2SH                DB[15]  
                   RF2SH                DB[16]  
                   RF2SH                DB[17]  
                   RF2SH                DB[18]  
                   RF2SH                DB[19]  
                   RF2SH                DB[20]  
                   RF2SH                DB[21]  
                   RF2SH                DB[22]  
                   RF2SH                DB[23]  
                   RF2SH                DB[24]  
                   RF2SH                DB[25]  
                   RF2SH                DB[26]  
                   RF2SH                DB[27]  
                   RF2SH                DB[28]  
                   RF2SH                DB[29]  
                   RF2SH                DB[30]  
                   RF2SH                DB[31]  
                   RF2SH                 AB[0]  
                   RF2SH                 AB[1]  
                   RF2SH                 AB[2]  
                   RF2SH                 AB[3]  
                   RF2SH                 AB[4]  
                   RF2SH                  CENB  For more information click here  
# Cells Missing LEF Info: 0  
# Cells with Dimension Errors: 
    ------------------------------
    Size of cell is not an integer multiple of its site
    ------------------------------
               Cell Name        Tech Site name  
              pad_corner                   pad  
            pad_fill_005                   pad  
             pad_fill_01                   pad  3  

==============================
Netlist Information
==============================
# HFO (>200) Nets: 0  
# No-driven Nets: 0  
# Multi-driven Nets: 0  
# Assign Statements: 0  
Is Design Uniquified: YES  
# Pins in Netlist without timing lib: 0  

==============================

==============================
: Internal  External  
No of Nets:        430           0  
No of Connections:        861           0  
Total Net Length (X): 9.4951e+03  0.0000e+00  
Total Net Length (Y): 8.2192e+03  0.0000e+00  
Total Net Length: 1.7714e+04  0.0000e+00  

==============================
Timing Information
==============================
# Clocks in design: 
    ------------------------------
    Clocks in Design
    ------------------------------
    bc/clk  
    wc/clk  2  
# Generated clocks: 0  
# "dont_use" cells from .libs: 0  
# "dont_touch" cells from .libs: 0  
# Cells in .lib with max_tran: 
    ------------------------------
    Cell List with max_tran
    ------------------------------
               Cell Name  Max Transition (ps)  
                  AND2X1  1606  
                 ANTENNA  1606  
                   BUFX1  1606  
                 DFFQBX1  1606  
                DFFQQBX1  1606  
                DFFQSRX1  1606  
                  DFFQX1  1606  
                   INVX1  1606  
                  INVX16  1606  
                   INVX2  1606  
                  INVX32  1606  
                   INVX4  1606  
                   INVX8  1606  
                  MUX2X1  1606  
                 NAND2X1  1606  
                 NAND3X1  1606  
                  NOR2X1  1606  
                   OR2X1  1606  
                    TIE0  1606  
                    TIE1  1606  
                  XOR2X1  1606  21  
# Cells in .lib with max_cap: 
    ------------------------------
    Cell List with max_cap
    ------------------------------
               Cell Name  Max Capacitance (pf)  
                  AND2X1  0.297700  
                   BUFX1  0.297700  
                 DFFQBX1  0.297700  
                DFFQQBX1  0.297700  
                DFFQSRX1  0.297700  
                  DFFQX1  0.297700  
                   INVX1  0.297700  
                  INVX16  0.297700  
                   INVX2  0.297700  
                  INVX32  0.297700  
                   INVX4  0.297700  
                   INVX8  0.297700  
                  MUX2X1  0.297700  
                 NAND2X1  0.297700  
                 NAND3X1  0.297700  
                  NOR2X1  0.297700  
                   OR2X1  0.297700  
                  XOR2X1  0.297700  18  
# Cells in .lib with max_fanout: 0  
SDC max_cap: N/A  
SDC max_tran: N/A  
SDC max_fanout: N/A  
Default Ext. Scale Factor: 1.000  
Detail Ext. Scale Factor: 1.000  

==============================
Floorplan/Placement Information
==============================
Total area of Standard cells: 1108022.810 um^2  
Total area of Standard cells(Subtracting Physical Cells): 10473.299 um^2  
Total area of Macros: 0.000 um^2  
Total area of Blockages: 0.000 um^2  
Total area of Pad cells: 1350880.960 um^2  
Total area of Core: 1110662.426 um^2  
Total area of Chip: 2825080.960 um^2  
Effective Utilization: 1.0000e+00  
Number of Cell Rows: 257  
% Pure Gate Density #1 (Subtracting BLOCKAGES): 99.762%  
% Pure Gate Density #2 (Subtracting BLOCKAGES and Physical Cells): 0.943%  
% Pure Gate Density #3 (Subtracting MACROS): 99.762%  
% Pure Gate Density #4 (Subtracting MACROS and Physical Cells): 0.943%  
% Pure Gate Density #5 (Subtracting MACROS and BLOCKAGES): 99.762%  
% Pure Gate Density #6 (Subtracting MACROS and BLOCKAGES for insts are not placed): 0.943%  
% Core Density (Counting Std Cells and MACROs): 99.762%  
% Core Density #2(Subtracting Physical Cells): 0.943%  
% Chip Density (Counting Std Cells and MACROs and IOs): 87.038%  
% Chip Density #2(Subtracting Physical Cells): 48.188%  
# Macros within 5 sites of IO pad: No  
Macro halo defined?: No  

==============================
Wire Length Distribution
==============================
Total METAL1 wire length: 0.0000 um  
Total METAL2 wire length: 9559.9400 um  
Total METAL3 wire length: 11789.9750 um  
Total METAL4 wire length: 2426.6200 um  
Total METAL5 wire length: 0.0000 um  
Total METAL6 wire length: 0.0000 um  
Total wire length: 23776.5350 um  
Average wire length/net: 55.0383 um  
Area of Power Net Distribution: 
    ------------------------------
    Area of Power Net Distribution
    ------------------------------
    Layer Name  Area of Power Net  Routable Area  Percentage  
    METAL1  71318.8904  1110662.4256  6.4213%  
    METAL2  0.0000  1110662.4256  0.0000%  
    METAL3  196.2000  1110662.4256  0.0177%  
    METAL4  1479.9600  1110662.4256  0.1333%  
    METAL5  99953.2000  1110662.4256  8.9994%  
    METAL6  97624.8000  1110662.4256  8.7898%  For more information click here  
