
Cadence Innovus(TM) Implementation System.
Copyright 2021 Cadence Design Systems, Inc. All rights reserved worldwide.

Version:	v21.15-s110_1, built Fri Sep 23 13:08:12 PDT 2022
Options:	
Date:		Mon Nov 27 18:35:15 2023
Host:		lab1-4.eng.utah.edu (x86_64 w/Linux 4.18.0-477.27.1.el8_8.x86_64) (8cores*16cpus*Intel(R) Core(TM) i7-10700 CPU @ 2.90GHz 16384KB)
OS:		Red Hat Enterprise Linux release 8.8 (Ootpa)

License:
		[18:35:15.041402] Configured Lic search path (21.01-s002): /uusoc/facility/cad_tools/Cadence/common_license:/uusoc/facility/cad_tools/Mentor/common_license

		invs	Innovus Implementation System	21.1	checkout succeeded
		8 CPU jobs allowed with the current license(s). Use setMultiCpuUsage to set your required CPU count.
Change the soft stacksize limit to 0.2%RAM (128 mbytes). Set global soft_stack_size_limit to change the value.

**INFO:  MMMC transition support version v31-84 

<CMD> set_global _enable_mmmc_by_default_flow      $CTE::mmmc_default
<CMD> suppressMessage ENCEXT-2799
<CMD> win

--------------------------------------------------------------------------------
Exiting Innovus on Mon Nov 27 18:36:15 2023
  Total CPU time:     0:00:14
  Total real time:    0:01:08
  Peak memory (main): 995.14MB


*** Memory Usage v#1 (Current mem = 1014.961M, initial mem = 483.875M) ***
*** Message Summary: 0 warning(s), 0 error(s)

--- Ending "Innovus" (totcpu=0:00:13.2, real=0:01:00.0, mem=1015.0M) ---
