//  v2lvs v2021.2_37.20    Tue Jun 1 14:42:15 PDT 2021
//
//  Copyright (c) 1992, 1993 Regents of the University of California
//         All rights reserved.
//
//                   Copyright Siemens 1996-2021
//                       All Rights Reserved.
//   THIS WORK CONTAINS TRADE SECRET AND PROPRIETARY INFORMATION
//      WHICH IS THE PROPERTY OF MENTOR GRAPHICS CORPORATION
//        OR ITS LICENSORS AND IS SUBJECT TO LICENSE TERMS.
//
//  The registered trademark Linux is used pursuant to a sublicense from LMI, the
//  exclusive licensee of Linus Torvalds, owner of the mark on a world-wide basis.
//
//  Mentor Graphics software executing under x86-64 Linux
//
Running /uusoc/facility/cad_tools/Mentor/aok_cal_2021.2_37.20//pkgs/icv/pvt/v2lvs -v /home/u1224540/ECE5710_WatchChip/Project/virtuoso/calibre/lvs/soc_top.sp -o /home/u1224540/ECE5710_WatchChip/Project/virtuoso/calibre/lvs/_soc_top.sp.sp -w 2

Info: Creating Design Database ...
Error: syntax error: file:/home/u1224540/ECE5710_WatchChip/Project/virtuoso/calibre/lvs/soc_top.sp line:1 token:*
Info: Exiting v2lvs.

CPU TIME = 0  REAL TIME = 0  MALLOC = 8/8/8
