\o Program:		@(#)$CDS: libManager version 6.1.8 - CAT37 06/21/2022 12:53 (cpgsrv12) $
\o Sub version:		sub-version  s266 
\o Arguments:		-mpssession virtuoso1910190 -mpshost lab1-7.eng.utah.edu 
\o Working Directory:	lab1-7.eng.utah.edu:/home/u1174165/ECE5710_WatchChip/virtuoso
\o 64-bit offsets
\o Qt version: 		5.9.1
\o Log file is "/home/u1174165/ECE5710_WatchChip/virtuoso/libManager.log".
\o Opening libManager window.
\a nrSetCurrentWindow(cdsLibManager)
\a nrResizeWindow(cdsLibManager list(0 28 681 545))
\o changeWorkingDir("/home/u1174165/ECE5710_WatchChip/virtuoso") unnecessary.
\o ddSetForcedLib("") unnecessary.
\o MPS service: map window
\w Warning: '/home/u1174165/ECE5710_WatchChip/virtuoso/cds.lib', Line 13: End of DEFINE command while expecting a path.
\w Warning: '/home/u1174165/ECE5710_WatchChip/virtuoso/cds.lib', Line 14: Skipping: '/research/ece/lnis-teaching/Designkits/tsmc180nm/full_custom_lib/oa/RA1SHD_RD'
\o  
\w Warning: '/home/u1174165/ECE5710_WatchChip/virtuoso/cds.lib', Line 15: End of DEFINE command while expecting a path.
\w Warning: '/home/u1174165/ECE5710_WatchChip/virtuoso/cds.lib', Line 16: Skipping: '/research/ece/lnis-teaching/Designkits/tsmc180nm/full_custom_lib/oa/RF2SH'
\o  
\o Library Manager customization server connected.
\a nrResizeWindow(cdsLibManager list(0 28 909 654))
\a nrSetCurrentWindow(cdsLibManager)
\a cdsLibManager->libListBox->value = "cdsDefTechLib"
\a cdsLibManager->libLineEdit->value = "cdsDefTechLib"
\a cdsLibManager->libListBox->value = "basic"
\a cdsLibManager->libLineEdit->value = "basic"
\a cdsLibManager->libListBox->value = "analogLIB"
\a cdsLibManager->libLineEdit->value = "analogLIB"
\a cdsLibManager->libListBox->value = "PADS_LIB"
\a cdsLibManager->libLineEdit->value = "PADS_LIB"
\a cdsLibManager->libListBox->value = "sealring"
\a cdsLibManager->libLineEdit->value = "sealring"
\a cdsLibManager->libListBox->value = "tsmc18"
\a cdsLibManager->libLineEdit->value = "tsmc18"
\a cdsLibManager->libListBox->value = "watch_chip"
\a cdsLibManager->libLineEdit->value = "watch_chip"
\a cdsLibManager->libLineEdit->value = ""
\a cdsLibManager->libListBox->value = nil
\a nrListItemAction(cdsLibManager->libListBox "watch_chip" 0)
\a cdsLibManager->libListBox->value = "watch_chip"
\a cdsLibManager->libLineEdit->value = "watch_chip"
\a cdsLibManager->cellListBox->value = "sealring"
\a cdsLibManager->cellLineEdit->value = "sealring"
\a cdsLibManager->viewListBox->value = "layout"
\a cdsLibManager->viewLineEdit->value = "layout"
\a cdsLibManager->cellLineEdit->value = ""
\a cdsLibManager->cellListBox->value = nil
\a cdsLibManager->viewLineEdit->value = ""
\a cdsLibManager->viewListBox->value = nil
\a cdsLibManager->cellListBox->value = "sealring"
\a cdsLibManager->cellLineEdit->value = "sealring"
\a cdsLibManager->viewListBox->value = "layout"
\a cdsLibManager->viewLineEdit->value = "layout"
\a cdsLibManager->viewLineEdit->value = ""
\a cdsLibManager->viewListBox->value = nil
\o MPS request: edit design
\a nrListItemAction(cdsLibManager->cellListBox 4 0)
\a cdsLibManager->libListBox->value = nil
\a cdsLibManager->libLineEdit->value = ""
\a cdsLibManager->cellLineEdit->value = ""
\a cdsLibManager->cellListBox->value = nil
\w Warning: '/home/u1174165/ECE5710_WatchChip/virtuoso/cds.lib', Line 13: End of DEFINE command while expecting a path.
\w Warning: '/home/u1174165/ECE5710_WatchChip/virtuoso/cds.lib', Line 14: Skipping: '/research/ece/lnis-teaching/Designkits/tsmc180nm/full_custom_lib/oa/RA1SHD_RD'
\o  
\w Warning: '/home/u1174165/ECE5710_WatchChip/virtuoso/cds.lib', Line 15: End of DEFINE command while expecting a path.
\w Warning: '/home/u1174165/ECE5710_WatchChip/virtuoso/cds.lib', Line 16: Skipping: '/research/ece/lnis-teaching/Designkits/tsmc180nm/full_custom_lib/oa/RF2SH'
\o  
\a cdsLibManager->libListBox->value = "watch_chip"
\a cdsLibManager->libLineEdit->value = "watch_chip"
\a cdsLibManager->cellListBox->value = "sealring"
\a cdsLibManager->cellLineEdit->value = "sealring"
\a cdsLibManager->viewListBox->value = "layout"
\a cdsLibManager->viewLineEdit->value = "layout"
\a cdsLibManager->viewLineEdit->value = ""
\a cdsLibManager->viewListBox->value = nil
\a cdsLibManager->viewListBox->value = "layout"
\a cdsLibManager->viewLineEdit->value = "layout"
\a nrSetCurrentWindow(cdsLibManager)
\a cdsLibManager->libListBox->value = nil
\a cdsLibManager->libLineEdit->value = ""
\a cdsLibManager->cellLineEdit->value = ""
\a cdsLibManager->viewLineEdit->value = ""
\a cdsLibManager->cellListBox->value = nil
\a cdsLibManager->viewListBox->value = nil
\w Warning: '/home/u1174165/ECE5710_WatchChip/virtuoso/cds.lib', Line 13: End of DEFINE command while expecting a path.
\w Warning: '/home/u1174165/ECE5710_WatchChip/virtuoso/cds.lib', Line 14: Skipping: '/research/ece/lnis-teaching/Designkits/tsmc180nm/full_custom_lib/oa/RA1SHD_RD'
\o  
\w Warning: '/home/u1174165/ECE5710_WatchChip/virtuoso/cds.lib', Line 15: End of DEFINE command while expecting a path.
\w Warning: '/home/u1174165/ECE5710_WatchChip/virtuoso/cds.lib', Line 16: Skipping: '/research/ece/lnis-teaching/Designkits/tsmc180nm/full_custom_lib/oa/RF2SH'
\o  
\a cdsLibManager->libListBox->value = "watch_chip"
\a cdsLibManager->libLineEdit->value = "watch_chip"
\a cdsLibManager->cellListBox->value = "sealring"
\a cdsLibManager->cellLineEdit->value = "sealring"
\a cdsLibManager->viewListBox->value = "layout"
\a cdsLibManager->viewLineEdit->value = "layout"
\a cdsLibManager->viewLineEdit->value = ""
\a cdsLibManager->viewListBox->value = nil
\a cdsLibManager->viewListBox->value = "layout"
\a cdsLibManager->viewLineEdit->value = "layout"
\a nrSetCurrentWindow(cdsLibManager)
\a cdsLibManager->libListBox->value = nil
\a cdsLibManager->libLineEdit->value = ""
\a cdsLibManager->cellListBox->value = nil
\a cdsLibManager->viewLineEdit->value = ""
\a cdsLibManager->viewListBox->value = nil
\a cdsLibManager->cellLineEdit->value = ""
\w Warning: '/home/u1174165/ECE5710_WatchChip/virtuoso/cds.lib', Line 13: End of DEFINE command while expecting a path.
\w Warning: '/home/u1174165/ECE5710_WatchChip/virtuoso/cds.lib', Line 14: Skipping: '/research/ece/lnis-teaching/Designkits/tsmc180nm/full_custom_lib/oa/RA1SHD_RD'
\o  
\w Warning: '/home/u1174165/ECE5710_WatchChip/virtuoso/cds.lib', Line 15: End of DEFINE command while expecting a path.
\w Warning: '/home/u1174165/ECE5710_WatchChip/virtuoso/cds.lib', Line 16: Skipping: '/research/ece/lnis-teaching/Designkits/tsmc180nm/full_custom_lib/oa/RF2SH'
\o  
\a cdsLibManager->libListBox->value = "watch_chip"
\a cdsLibManager->libLineEdit->value = "watch_chip"
\a cdsLibManager->cellListBox->value = "sealring"
\a cdsLibManager->cellLineEdit->value = "sealring"
\a cdsLibManager->viewListBox->value = "layout"
\a cdsLibManager->viewLineEdit->value = "layout"
\a cdsLibManager->viewLineEdit->value = ""
\a cdsLibManager->viewListBox->value = nil
\a cdsLibManager->viewListBox->value = "layout"
\a cdsLibManager->viewLineEdit->value = "layout"
\a nrSetCurrentWindow(cdsLibManager)
\a nrSetWindowVisibility(cdsLibManager "hide")
\a cdsLibManager->libListBox->value = nil
\a cdsLibManager->libLineEdit->value = ""
\a cdsLibManager->cellListBox->value = nil
\a cdsLibManager->viewLineEdit->value = ""
\a cdsLibManager->viewListBox->value = nil
\a cdsLibManager->cellLineEdit->value = ""
\w Warning: '/home/u1174165/ECE5710_WatchChip/virtuoso/cds.lib', Line 13: End of DEFINE command while expecting a path.
\w Warning: '/home/u1174165/ECE5710_WatchChip/virtuoso/cds.lib', Line 14: Skipping: '/research/ece/lnis-teaching/Designkits/tsmc180nm/full_custom_lib/oa/RA1SHD_RD'
\o  
\w Warning: '/home/u1174165/ECE5710_WatchChip/virtuoso/cds.lib', Line 15: End of DEFINE command while expecting a path.
\w Warning: '/home/u1174165/ECE5710_WatchChip/virtuoso/cds.lib', Line 16: Skipping: '/research/ece/lnis-teaching/Designkits/tsmc180nm/full_custom_lib/oa/RF2SH'
\o  
\a cdsLibManager->libListBox->value = "watch_chip"
\a cdsLibManager->libLineEdit->value = "watch_chip"
\a cdsLibManager->cellListBox->value = "sealring"
\a cdsLibManager->cellLineEdit->value = "sealring"
\a cdsLibManager->viewListBox->value = "layout"
\a cdsLibManager->viewLineEdit->value = "layout"
\a cdsLibManager->viewLineEdit->value = ""
\a cdsLibManager->viewListBox->value = nil
\a cdsLibManager->viewListBox->value = "layout"
\a cdsLibManager->viewLineEdit->value = "layout"
\a nrSetWindowVisibility(cdsLibManager "show")
\a nrSetCurrentWindow(cdsLibManager)
\a cdsLibManager->libListBox->value = nil
\a cdsLibManager->libLineEdit->value = ""
\a cdsLibManager->cellListBox->value = nil
\a cdsLibManager->viewLineEdit->value = ""
\a cdsLibManager->viewListBox->value = nil
\a cdsLibManager->cellLineEdit->value = ""
\w Warning: '/home/u1174165/ECE5710_WatchChip/virtuoso/cds.lib', Line 13: End of DEFINE command while expecting a path.
\w Warning: '/home/u1174165/ECE5710_WatchChip/virtuoso/cds.lib', Line 14: Skipping: '/research/ece/lnis-teaching/Designkits/tsmc180nm/full_custom_lib/oa/RA1SHD_RD'
\o  
\w Warning: '/home/u1174165/ECE5710_WatchChip/virtuoso/cds.lib', Line 15: End of DEFINE command while expecting a path.
\w Warning: '/home/u1174165/ECE5710_WatchChip/virtuoso/cds.lib', Line 16: Skipping: '/research/ece/lnis-teaching/Designkits/tsmc180nm/full_custom_lib/oa/RF2SH'
\o  
\a cdsLibManager->libListBox->value = "watch_chip"
\a cdsLibManager->libLineEdit->value = "watch_chip"
\a cdsLibManager->cellListBox->value = "sealring"
\a cdsLibManager->cellLineEdit->value = "sealring"
\a cdsLibManager->viewListBox->value = "layout"
\a cdsLibManager->viewLineEdit->value = "layout"
\a cdsLibManager->viewLineEdit->value = ""
\a cdsLibManager->viewListBox->value = nil
\a cdsLibManager->viewListBox->value = "layout"
\a cdsLibManager->viewLineEdit->value = "layout"
\a cdsLibManager->libListBox->value = nil
\a cdsLibManager->libLineEdit->value = ""
\a cdsLibManager->cellListBox->value = nil
\a cdsLibManager->viewLineEdit->value = ""
\a cdsLibManager->viewListBox->value = nil
\a cdsLibManager->cellLineEdit->value = ""
\w Warning: '/home/u1174165/ECE5710_WatchChip/virtuoso/cds.lib', Line 13: End of DEFINE command while expecting a path.
\w Warning: '/home/u1174165/ECE5710_WatchChip/virtuoso/cds.lib', Line 14: Skipping: '/research/ece/lnis-teaching/Designkits/tsmc180nm/full_custom_lib/oa/RA1SHD_RD'
\o  
\w Warning: '/home/u1174165/ECE5710_WatchChip/virtuoso/cds.lib', Line 15: End of DEFINE command while expecting a path.
\w Warning: '/home/u1174165/ECE5710_WatchChip/virtuoso/cds.lib', Line 16: Skipping: '/research/ece/lnis-teaching/Designkits/tsmc180nm/full_custom_lib/oa/RF2SH'
\o  
\a cdsLibManager->libListBox->value = "watch_chip"
\a cdsLibManager->libLineEdit->value = "watch_chip"
\a cdsLibManager->cellListBox->value = "sealring"
\a cdsLibManager->cellLineEdit->value = "sealring"
\a cdsLibManager->viewListBox->value = "layout"
\a cdsLibManager->viewLineEdit->value = "layout"
\a cdsLibManager->viewLineEdit->value = ""
\a cdsLibManager->viewListBox->value = nil
\a cdsLibManager->viewListBox->value = "layout"
\a cdsLibManager->viewLineEdit->value = "layout"
\a nrSetCurrentWindow(cdsLibManager)
\a cdsLibManager->FileNewCVButton->value = t
\a cdsLibManager->libListBox->value = nil
\a cdsLibManager->libLineEdit->value = ""
\a cdsLibManager->cellLineEdit->value = ""
\a cdsLibManager->viewLineEdit->value = ""
\a cdsLibManager->cellListBox->value = nil
\a cdsLibManager->viewListBox->value = nil
\w Warning: '/home/u1174165/ECE5710_WatchChip/virtuoso/cds.lib', Line 13: End of DEFINE command while expecting a path.
\w Warning: '/home/u1174165/ECE5710_WatchChip/virtuoso/cds.lib', Line 14: Skipping: '/research/ece/lnis-teaching/Designkits/tsmc180nm/full_custom_lib/oa/RA1SHD_RD'
\o  
\w Warning: '/home/u1174165/ECE5710_WatchChip/virtuoso/cds.lib', Line 15: End of DEFINE command while expecting a path.
\w Warning: '/home/u1174165/ECE5710_WatchChip/virtuoso/cds.lib', Line 16: Skipping: '/research/ece/lnis-teaching/Designkits/tsmc180nm/full_custom_lib/oa/RF2SH'
\o  
\a cdsLibManager->libListBox->value = "watch_chip"
\a cdsLibManager->libLineEdit->value = "watch_chip"
\a cdsLibManager->cellListBox->value = "sealring"
\a cdsLibManager->cellLineEdit->value = "sealring"
\a cdsLibManager->viewListBox->value = "layout"
\a cdsLibManager->viewLineEdit->value = "layout"
\a cdsLibManager->viewLineEdit->value = ""
\a cdsLibManager->viewListBox->value = nil
\a cdsLibManager->viewListBox->value = "layout"
\a cdsLibManager->viewLineEdit->value = "layout"
\a nrSetCurrentWindow(cdsLibManager)
\a nrSetCurrentWindow(cdsLibManager)
\a cdsLibManager->cellListBox->value = "pad_vdd_polyfill"
\a cdsLibManager->cellLineEdit->value = "pad_vdd_polyfill"
\a cdsLibManager->viewLineEdit->value = ""
\a cdsLibManager->viewListBox->value = nil
\a cdsLibManager->viewListBox->value = "layout"
\a cdsLibManager->viewLineEdit->value = "layout"
\a cdsLibManager->libListBox->value = "sealring"
\a cdsLibManager->libLineEdit->value = "sealring"
\a cdsLibManager->cellLineEdit->value = ""
\a cdsLibManager->cellListBox->value = nil
\a cdsLibManager->viewLineEdit->value = ""
\a cdsLibManager->viewListBox->value = nil
\a cdsLibManager->libListBox->value = "watch_chip"
\a cdsLibManager->libLineEdit->value = "watch_chip"
\a cdsLibManager->cellListBox->value = "sealring"
\a cdsLibManager->cellLineEdit->value = "sealring"
\a cdsLibManager->viewListBox->value = "layout"
\a cdsLibManager->viewLineEdit->value = "layout"
\a nrSetCurrentWindow(cdsLibManager)
\a cdsLibManager->FileOpenButton->value = t
\o MPS request: edit design
\a nrSetCurrentWindow(cdsLibManager)
\a nrSetCurrentWindow(cdsLibManager)
\a cdsLibManager->cellLineEdit->value = ""
\a cdsLibManager->cellListBox->value = nil
\a cdsLibManager->viewLineEdit->value = ""
\a cdsLibManager->viewListBox->value = nil
\a lmgrLogShowPopup("mainListPopup0" 36 126 2 "watch_chip")
\a cdsLibManager->cellListBox->value = "ipin"
\a cdsLibManager->cellLineEdit->value = "ipin"
\a cdsLibManager->viewListBox->value = "symbol"
\a cdsLibManager->viewLineEdit->value = "symbol"
\a cdsLibManager->cellListBox->value = "opin"
\a cdsLibManager->cellLineEdit->value = "opin"
\a cdsLibManager->viewLineEdit->value = ""
\a cdsLibManager->viewListBox->value = nil
\a cdsLibManager->viewListBox->value = "symbol"
\a cdsLibManager->viewLineEdit->value = "symbol"
\a cdsLibManager->cellListBox->value = "pad_vdd_metalfill"
\a cdsLibManager->cellLineEdit->value = "pad_vdd_metalfill"
\a cdsLibManager->viewLineEdit->value = ""
\a cdsLibManager->viewListBox->value = nil
\a cdsLibManager->viewListBox->value = "layout"
\a cdsLibManager->viewLineEdit->value = "layout"
\a cdsLibManager->cellLineEdit->value = ""
\a cdsLibManager->cellListBox->value = nil
\a cdsLibManager->viewLineEdit->value = ""
\a cdsLibManager->viewListBox->value = nil
\a lmgrLogShowPopup("mainListPopup0" 43 126 2 "watch_chip")
\a cdsLibManager->FileNewCVButton->value = t
\a cdsLibManager->libListBox->value = nil
\a cdsLibManager->libLineEdit->value = ""
\w Warning: '/home/u1174165/ECE5710_WatchChip/virtuoso/cds.lib', Line 13: End of DEFINE command while expecting a path.
\w Warning: '/home/u1174165/ECE5710_WatchChip/virtuoso/cds.lib', Line 14: Skipping: '/research/ece/lnis-teaching/Designkits/tsmc180nm/full_custom_lib/oa/RA1SHD_RD'
\o  
\w Warning: '/home/u1174165/ECE5710_WatchChip/virtuoso/cds.lib', Line 15: End of DEFINE command while expecting a path.
\w Warning: '/home/u1174165/ECE5710_WatchChip/virtuoso/cds.lib', Line 16: Skipping: '/research/ece/lnis-teaching/Designkits/tsmc180nm/full_custom_lib/oa/RF2SH'
\o  
\a cdsLibManager->libListBox->value = "watch_chip"
\a cdsLibManager->libLineEdit->value = "watch_chip"
\a nrSetCurrentWindow(cdsLibManager)
\a nrSetCurrentWindow(cdsLibManager)
\a nrSetWindowVisibility(cdsLibManager "hide")
\a _lmgrCloseIconify("cdsLibManager" 1)
\o MPS service: shutdown
\o libManager is exiting.
\a exit(0)
