********************************************************************************
Product   : Virtuoso(R) XStream In
Program   : @(#)$CDS: strmin version 6.1.8-64b 06/22/2022 16:16 (sjfhw316) $
          : sub-version  IC6.1.8-64b.500.26 
Started at: 30-Nov-2023  13:27:47
User Name : u1174165
Host Name : lab1-7.eng.utah.edu
Directory : /home/u1174165/ECE5710_WatchChip/virtuoso
CADENCE Design Systems, Inc.
********************************************************************************
Info: Cellview Rev Num:99,  Tech Rev Num:59

WARNING (XSTRM-75): Target library 'watch_chip' is attached to the technology library 'tsmc18'. Therefore, the technology file is opened in read-only mode. All the undefined layer-purpose pairs will be dropped.
WARNING (XSTRM-107): Existing cells in the target library will be overwritten if the cell names in the Stream file and the target library are the same. To prevent this, set the '-writeMode' option to 'noOverwrite'.
INFO (XSTRM-217): Reading the layer map file, /research/ece/lnis-teaching/Designkits/tsmc180nm/pdk/tsmc18/tsmc18.layermap
INFO (XSTRM-163): You have not used the '-viaMap' option. If a viaMap file, corresponding technology file or technology library exist, then use the '-viaMap' option for creating oaVia instances in the Streamed-In library. Using the '-viaMap' option improves performance and VM usage of applications using the Streamed-In design.

Summary of Options:
	library				watch_chip
	strmFile			/home/u1174165/ECE5710_WatchChip/virtuoso/calibre/drcmetalfill/design_metalfill.gds
	logFile				strmIn.log
	view				layout
	case				Preserve
	layerMap			/research/ece/lnis-teaching/Designkits/tsmc180nm/pdk/tsmc18/tsmc18.layermap
	propSeparator			,

INFO (XSTRM-220): 1. Translating STRUCTURE tsmc_c018_sealring_corner_1p6m_metalfill as cellView watch_chip/tsmc_c018_sealring_corner_1p6m_metalfill/layout.
INFO (XSTRM-220): 2. Translating STRUCTURE tsmc_c018_seal_ring_edge_1p6m_metalfill as cellView watch_chip/tsmc_c018_seal_ring_edge_1p6m_metalfill/layout.
INFO (XSTRM-220): 3. Translating STRUCTURE DM6_L_metalfill as cellView watch_chip/DM6_L_metalfill/layout.
INFO (XSTRM-220): 4. Translating STRUCTURE pad_gnd_metalfill as cellView watch_chip/pad_gnd_metalfill/layout.
INFO (XSTRM-220): 5. Translating STRUCTURE pad_vdd_metalfill as cellView watch_chip/pad_vdd_metalfill/layout.
INFO (XSTRM-220): 6. Translating STRUCTURE DM1_S_metalfill as cellView watch_chip/DM1_S_metalfill/layout.
INFO (XSTRM-220): 7. Translating STRUCTURE DM5_S_metalfill as cellView watch_chip/DM5_S_metalfill/layout.
INFO (XSTRM-220): 8. Translating STRUCTURE DM5_M_metalfill as cellView watch_chip/DM5_M_metalfill/layout.
INFO (XSTRM-220): 9. Translating STRUCTURE DM5_L_metalfill as cellView watch_chip/DM5_L_metalfill/layout.
INFO (XSTRM-220): 10. Translating STRUCTURE soc_top_metalfill as cellView watch_chip/soc_top_metalfill/layout.
INFO (XSTRM-220): 11. Translating STRUCTURE DM4_S_metalfill as cellView watch_chip/DM4_S_metalfill/layout.
INFO (XSTRM-220): 12. Translating STRUCTURE sealring_metalfill as cellView watch_chip/sealring_metalfill/layout.

Summary of Objects Translated:
	Instances:                              7747
	CustomVias:                             0
	StandardVias:                           0
	CdsGenVias:                             0
	Arrays:                                 5120
	Polygons:                               18
	Paths:                                  0
	PathSegs:                               0
	Rectangles:                             1130386
	Text:                                   0
	Node:                                   0
	Line:                                   0
	Cells:                                  12

Elapsed Time: 2.1s   User Time: 0.5s   CPU Time: 0.1s   Peak VM: 51184KB  CPUs Used: 2
INFO (XSTRM-234): Translation completed. '0' error(s) and '2' warning(s) found.
