============================================================
  Generated by:           Genus(TM) Synthesis Solution 21.15-s080_1
  Generated on:           Nov 28 2023  05:45:51 pm
  Module:                 soc_top
  Operating conditions:   PVT_1P8V_25C 
  Interconnect mode:      global
  Area mode:              timing library
============================================================


Path 1: MET (16038 ps) Setup Check with Pin chip_cd_count_reg[14]/CLK->D
          Group: C2C
     Startpoint: (R) chip_cd_count_reg[2]/CLK
          Clock: (R) clk
       Endpoint: (R) chip_cd_count_reg[14]/D
          Clock: (R) clk

                     Capture       Launch     
        Clock Edge:+   20000            0     
       Src Latency:+       0            0     
       Net Latency:+       0 (I)        0 (I) 
           Arrival:=   20000            0     
                                              
             Setup:-     198                  
     Required Time:=   19802                  
      Launch Clock:-       0                  
         Data Path:-    3764                  
             Slack:=   16038                  

#--------------------------------------------------------------------------------------------------
#      Timing Point        Flags    Arc   Edge   Cell     Fanout Load Trans Delay Arrival Instance 
#                                                                (fF)  (ps)  (ps)   (ps)  Location 
#--------------------------------------------------------------------------------------------------
  chip_cd_count_reg[2]/CLK -       -      R     (arrival)     68    -     0     0       0    (-,-) 
  chip_cd_count_reg[2]/Q   -       CLK->Q R     DFFQSRX1       4 21.8   333   306     306    (-,-) 
  g4201__5115/Z            -       A->Z   F     NOR2X1         1  6.9   153   142     448    (-,-) 
  g4186__6783/Z            -       A->Z   R     NAND2X1        1  7.3   158   129     576    (-,-) 
  g4175__6417/Z            -       B->Z   F     NOR2X1         1  6.9   136    96     673    (-,-) 
  g4167__9945/Z            -       A->Z   R     NAND2X1        1  7.3   158   124     796    (-,-) 
  g4161__4733/Z            -       B->Z   F     NOR2X1         1  7.3   157    99     895    (-,-) 
  g4152__7098/Z            -       A->Z   R     NAND3X1        1  7.3   194   139    1034    (-,-) 
  g4150__5122/Z            -       B->Z   R     OR2X1          1  7.3   125   140    1174    (-,-) 
  g4148__2802/Z            -       B->Z   R     OR2X1          1  7.3   125   132    1306    (-,-) 
  g4146__3680/Z            -       B->Z   R     OR2X1          1  7.3   124   132    1437    (-,-) 
  g4143__8428/Z            -       B->Z   R     OR2X1          1  7.3   124   132    1569    (-,-) 
  g4142__4319/Z            -       B->Z   R     OR2X1          1  7.3   124   132    1700    (-,-) 
  g4139__2398/Z            -       B->Z   R     OR2X1          1  7.3   125   131    1832    (-,-) 
  g4138__5477/Z            -       B->Z   R     OR2X1          1  7.3   125   132    1963    (-,-) 
  g4136__7410/Z            -       B->Z   R     OR2X1          1  7.3   125   132    2094    (-,-) 
  g4134__2346/Z            -       B->Z   R     OR2X1          1  7.3   124   132    2226    (-,-) 
  g4132__9945/Z            -       B->Z   R     OR2X1          1  7.3   125   132    2358    (-,-) 
  g4130__6161/Z            -       B->Z   R     OR2X1          1  7.3   125   132    2489    (-,-) 
  g4128__7482/Z            -       B->Z   R     OR2X1          1  7.3   124   132    2620    (-,-) 
  g4126__1881/Z            -       B->Z   R     OR2X1          1  7.3   124   132    2752    (-,-) 
  g4124__7098/Z            -       B->Z   F     NOR2X1         1  7.3   157    92    2844    (-,-) 
  g4122__5122/Z            -       A->Z   R     NAND3X1        1  7.3   194   139    2983    (-,-) 
  g4121__1705/Z            -       B->Z   R     OR2X1          1  7.3   124   140    3122    (-,-) 
  g4119__1617/Z            -       B->Z   R     OR2X1          4 20.2   310   238    3360    (-,-) 
  drc_bufs4245/Z           -       A->Z   F     INVX2          3 22.5   185   157    3517    (-,-) 
  drc_bufs4244/Z           -       A->Z   R     INVX2          3 15.1   144   132    3649    (-,-) 
  g4074__7410/Z            -       A->Z   R     AND2X1         1  6.4   111   115    3764    (-,-) 
  chip_cd_count_reg[14]/D  -       -      R     DFFQSRX1       1    -     -     0    3764    (-,-) 
#--------------------------------------------------------------------------------------------------

